strategy	old_quality	new_quality	taxonID	scientificName	ipni_name
autonym	fuzzy_top_copy	exact_top_copy_autonym	539c8028-9134-3bdd-8a30-f66080f08397	Hypericum empetrifolium subsp. empetrifolium	Hypericum empetrifolium
autonym	fuzzy_top_copy	exact_top_copy_autonym	34d71771-85a2-3b44-ac6b-cd8e0f8b14a0	Tsuga chinensis var. chinensis	Tsuga chinensis
autonym	no_match	exact_top_copy_autonym	7bf1aacf-ec7c-3e6d-829d-4cab33187c34	Campanula saxatilis subsp. saxatilis Linnaeus	Campanula saxatilis
autonym	fuzzy_top_copy	exact_top_copy_autonym	1308d415-f42e-3856-a47e-ac81131a2539	Castilleja pallescens var. pallescens	Castilleja pallescens
autonym	fuzzy_top_copy	exact_top_copy_autonym	2d0e2e55-d9d3-3378-8500-9ef0036e98f4	Taxillus delavayi var. delavayi	Taxillus delavayi
autonym	fuzzy_top_copy	exact_top_copy_autonym	29ee3468-33e2-3b91-b288-252c3fa2ae28	Silene nutans subsp. nutans	Silene nutans
autonym	fuzzy_top_copy	exact_top_copy_autonym	56891303-3ad1-3ad6-9802-4a38173e51dd	Hydrolea spinosa var. spinosa	Hydrolea spinosa
autonym	fuzzy_top_copy	exact_top_copy_autonym	dfc37a85-0c2c-3868-855d-c524a9e58bd0	Litsea rubescens f. rubescens	Litsea rubescens
autonym	fuzzy_top_copy	exact_top_copy_autonym	e8f63c36-c4ea-3eab-ac56-71fc4c766ce2	Satyrium neglectum subsp. neglectum	Satyrium neglectum
autonym	fuzzy_top_copy	exact_top_copy_autonym	52829991-11f2-3c5f-afba-a0156fd6a113	Tilesia baccata var. baccata	Tilesia baccata
autonym	fuzzy_top_copy	exact_top_copy_autonym	c9cf88fa-b0ef-3884-b0f5-5e1848886b26	Andira inermis subsp. inermis	Andira inermis
autonym	fuzzy_top_copy	exact_top_copy_autonym	c7a4efe8-809c-37d7-8d4d-bef79fb57a05	Mazus pumilus var. pumilus	Mazus pumilus
autonym	fuzzy_top_copy	exact_top_copy_autonym	761a3b85-bfbf-3a3b-be20-468a4081e274	Aloysia virgata var. virgata	Aloysia virgata
autonym	fuzzy_top_copy	exact_top_copy_autonym	abc516d7-501a-3c42-87ec-1d4a5aed86e8	Croton gratissimus var. gratissimus	Croton gratissimus
autonym	fuzzy_top_copy	exact_top_copy_autonym	a3af9732-5269-3ac7-b54e-4abc5ddd6be4	Cassine peragua subsp. peragua	Cassine peragua
autonym	fuzzy_top_copy	exact_top_copy_autonym	56311edb-a903-3fca-b2ec-8d4fa07008f6	Gilia brecciarum subsp. brecciarum	Gilia brecciarum
autonym	fuzzy_top_copy	exact_top_copy_autonym	0d67aa26-a20c-3998-a60e-1c95d8536ed4	Phacelia lutea var. lutea	Phacelia lutea
autonym	fuzzy_top_copy	exact_top_copy_autonym	a8f5ff36-138c-378c-8714-66ec2820ebd9	Linaria oligantha subsp. oligantha	Linaria oligantha
autonym	fuzzy_top_copy	exact_top_copy_autonym	15599249-6c11-3f56-9ab4-bfb582602e10	Renealmia thyrsoidea subsp. thyrsoidea	Renealmia thyrsoidea
autonym	fuzzy_top_copy	exact_top_copy_autonym	a886970b-317d-3788-a22c-c0dfa827f0d4	Cissus verticillata subsp. verticillata	Cissus verticillata
autonym	fuzzy_top_copy	exact_top_copy_autonym	21a2ab2f-112c-3bb6-9fbc-ec83cd08b77a	Sagittaria graminea subsp. graminea	Sagittaria graminea
autonym	fuzzy_top_copy	exact_top_copy_autonym	d00487bc-71e7-338f-b43a-394483e2577d	Oxygonum alatum var. alatum	Oxygonum alatum
autonym	fuzzy_top_copy	exact_top_copy_autonym	f691e9a0-3dca-3282-9040-c08d8a7f8927	Columellia oblonga subsp. oblonga	Columellia oblonga
autonym	fuzzy_top_copy	exact_top_copy_autonym	9ba1b1ab-8401-37d3-9ffb-ebe73fc0e138	Multidentia crassa var. crassa	Multidentia crassa
autonym	fuzzy_top_copy	exact_top_copy_autonym	40324ad9-5a91-3e7e-977e-8366fad7d92b	Alzatea verticillata subsp. verticillata	Alzatea verticillata
autonym	fuzzy_top_copy	exact_top_copy_autonym	379175d0-fe9e-3554-8905-98eb582afd6a	Styrax nicaraguensis subsp. nicaraguensis	Styrax nicaraguensis
autonym	fuzzy_top_copy	exact_top_copy_autonym	cf89ca87-c6f2-3623-a188-300973a9040a	Celastrus stylosus var. stylosus	Celastrus stylosus
autonym	fuzzy_top_copy	exact_top_copy_autonym	5cb2d535-9990-3704-9be4-d06e078d279f	Primula veris subsp. veris	Primula veris
autonym	fuzzy_top_copy	exact_top_copy_autonym	ee507f31-fe89-3dfa-88e7-a2371c96a129	Bonellia macrocarpa subsp. macrocarpa	Bonellia macrocarpa
autonym	fuzzy_top_copy	exact_top_copy_autonym	0ad20b48-2739-30dc-a2ae-e36ffd6965ca	Eriosema pauciflorum var. pauciflorum	Eriosema pauciflorum
autonym	fuzzy_top_copy	exact_top_copy_autonym	4d0bc2d1-338f-34d8-a73c-2e9b010d146d	Piper bonii var. bonii	Piper bonii
autonym	fuzzy_top_copy	exact_top_copy_autonym	e76edaff-ab6a-3f2f-8eb0-27f73e5d8b1a	Piper boehmeriifolium var. boehmeriifolium	Piper boehmeriifolium
autonym	fuzzy_top_copy	exact_top_copy_autonym	be29ca5c-258d-310f-af72-d130e5d12506	Linaria alpina subsp. alpina	Linaria alpina
autonym	fuzzy_top_copy	exact_top_copy_autonym	88ac6b0b-5d28-3eaa-890e-0e481aff01a7	Gentianopsis paludosa var. paludosa	Gentianopsis paludosa
autonym	fuzzy_top_copy	exact_top_copy_autonym	77f76411-9901-3c0c-aabb-5dccfe3ea565	Astragalus lentiginosus var. lentiginosus	Astragalus lentiginosus
autonym	fuzzy_top_copy	exact_top_copy_autonym	43edc3ad-67ae-365e-a41a-f2c2bb6436ff	Saussurea graminea subsp. graminea	Saussurea graminea
autonym	fuzzy_top_copy	exact_top_copy_autonym	80876fff-3d1d-399b-933e-aa2c082e722d	Paeonia obovata var. obovata	Paeonia obovata
autonym	fuzzy_top_copy	exact_top_copy_autonym	6625e584-ed3a-3186-b213-fb7dc998fd82	Bersama abyssinica subsp. abyssinica	Bersama abyssinica
autonym	fuzzy_top_copy	exact_top_copy_autonym	7f0988c4-8dd9-3b39-82d9-8143ea74ceb0	Dimerocostus strobilaceus subsp. strobilaceus	Dimerocostus strobilaceus
autonym	fuzzy_top_copy	exact_top_copy_autonym	204be0aa-b655-3989-bfd5-fc6528804e81	Ximenia americana f. americana	Ximenia americana
autonym	no_match	exact_top_copy_autonym	e67a2025-4b2b-3a38-b8c1-6fb5006ab0ba	Diospyros lycioides subsp. lycioides	Diospyros lycioides
autonym	fuzzy_top_copy	exact_top_copy_autonym	d84695cd-aec4-3353-8cea-024ffae21734	Ribes himalense var. himalense	Ribes himalense
autonym	fuzzy_top_copy	exact_top_copy_autonym	7d3ac70f-3d78-37e3-a4c3-097fc140d695	Pedicularis contorta var. contorta	Pedicularis contorta
autonym	fuzzy_top_copy	exact_top_copy_autonym	4954a0bc-8b36-3dbb-8440-f90166ddf14f	Gisekia pharnaceoides var. pharnaceoides	Gisekia pharnaceoides
autonym	fuzzy_top_copy	exact_top_copy_autonym	47a150ab-0368-3ea5-bbc1-b4c611a283c1	Aloe bulbillifera var. bulbillifera	Aloe bulbillifera
autonym	fuzzy_top_copy	exact_top_copy_autonym	f34be4a0-a045-355f-a13f-1e3826f1582f	Acer davidii subsp. davidii	Acer davidii
autonym	fuzzy_top_copy	exact_top_copy_autonym	239152db-a02a-3db6-9c5f-388ad956a402	Delarbrea montana subsp. montana	Delarbrea montana
autonym	fuzzy_top_copy	exact_top_copy_autonym	2d554fc1-db42-3c13-838d-cecc0502bbe7	Delarbrea paradoxa subsp. paradoxa	Delarbrea paradoxa
autonym	fuzzy_top_copy	exact_top_copy_autonym	7b3b79ac-4755-3ed3-a460-dd1b2f63b40c	Mostuea brunonis var. brunonis	Mostuea brunonis
autonym	fuzzy_top_copy	exact_top_copy_autonym	40d1a056-f7a1-33f0-8375-c450956082eb	Harpagophytum procumbens subsp. procumbens	Harpagophytum procumbens
autonym	fuzzy_top_copy	exact_top_copy_autonym	056aaf2d-bd0c-3e88-86b1-6ff568d93b39	Begonia balansae var. balansae	Begonia balansae
autonym	fuzzy_top_copy	exact_top_copy_autonym	20bc0f27-da00-3a23-b743-e670815f6b25	Galium graecum subsp. graecum	Galium graecum
autonym	fuzzy_top_copy	exact_top_copy_autonym	dec96e23-5ea5-308d-9ae0-02dd96c9c2a6	Dolichos kilimandscharicus subsp. kilimandscharicus	Dolichos kilimandscharicus
autonym	fuzzy_top_copy	exact_top_copy_autonym	14440635-cebb-399b-8476-14e1d48c7af7	Trichodesma angustifolium subsp. angustifolium	Trichodesma angustifolium
autonym	fuzzy_top_copy	exact_top_copy_autonym	005c6f7f-3ac5-30fa-83c6-0547b871c0d4	Penstemon attenuatus var. attenuatus	Penstemon attenuatus
autonym	fuzzy_top_copy	exact_top_copy_autonym	a74bee7e-a157-362d-938d-0f9af3894fe7	Dialium occidentale subsp. occidentale	Dialium occidentale
autonym	fuzzy_top_copy	exact_top_copy_autonym	deea829d-2ad0-3a67-96cc-ebd1ec9037d1	Lomatium graveolens var. graveolens	Lomatium graveolens
autonym	fuzzy_top_copy	exact_top_copy_autonym	51772044-8873-345e-8a51-6a4650336595	Neillia thibetica var. thibetica	Neillia thibetica
autonym	fuzzy_top_copy	exact_top_copy_autonym	c00a0399-47b6-3d9f-8a8a-1419e860c3aa	Teucrium polium subsp. polium	Teucrium polium
autonym	fuzzy_top_copy	exact_top_copy_autonym	fb851503-65db-3dce-b7c8-360118646e82	Limeum myosotis var. myosotis	Limeum myosotis
autonym	fuzzy_top_copy	exact_top_copy_autonym	8060a86c-2bed-3941-bd45-138a0f1c64fe	Cerastium arvense subsp. arvense	Cerastium arvense
autonym	fuzzy_top_copy	exact_top_copy_autonym	7cfeccb5-6c28-3d26-aa49-303b080ae939	Enicostema axillare subsp. axillare	Enicostema axillare
autonym	fuzzy_top_copy	exact_top_copy_autonym	c568a4ed-7e7b-39b3-9285-a1dc875ffec1	Ixora scheffleri subsp. scheffleri	Ixora scheffleri
autonym	fuzzy_top_copy	exact_top_copy_autonym	a295d4c6-d5d0-3c98-842f-f0136c301dea	Limeum fenestratum var. fenestratum	Limeum fenestratum
autonym	fuzzy_top_copy	exact_top_copy_autonym	02afcd33-48e9-35b2-a336-393dcb3254d7	Lupinus sericeus subsp. sericeus	Lupinus sericeus
autonym	fuzzy_top_copy	exact_top_copy_autonym	9110ea29-2e8f-37d9-912b-bb4c19dd3f83	Dalbergia boehmii subsp. boehmii	Dalbergia boehmii
autonym	fuzzy_top_copy	exact_top_copy_autonym	539768cc-4071-303a-b308-ad53dfde6cfb	Frangula discolor var. discolor	Frangula discolor
autonym	fuzzy_top_copy	exact_top_copy_autonym	78d65b18-21eb-38ac-b953-db83901957d3	Paeonia clusii subsp. clusii	Paeonia clusii
autonym	fuzzy_top_copy	exact_top_copy_autonym	00cfe102-46d7-3444-a5eb-24619a11d528	Geniostoma ligustrifolium var. ligustrifolium	Geniostoma ligustrifolium
autonym	fuzzy_top_copy	exact_top_copy_autonym	ba381d0a-d8b7-3aea-82e7-1cac80c5a300	Begonia cucullata var. cucullata	Begonia cucullata
autonym	fuzzy_top_copy	exact_top_copy_autonym	35c20ebd-dbe8-3111-aa9b-218e089f01af	Calceolaria mexicana subsp. mexicana	Calceolaria mexicana
autonym	fuzzy_top_copy	exact_top_copy_autonym	1dd1422e-e1e4-3ca6-bfab-bb8b37a644a4	Euphorbia monteiroi subsp. monteiroi	Euphorbia monteiroi
autonym	fuzzy_top_copy	exact_top_copy_autonym	30e17677-f42f-3173-9e59-fccf954bf9eb	Meconopsis integrifolia subsp. integrifolia	Meconopsis integrifolia
autonym	fuzzy_top_copy	exact_top_copy_autonym	75700fc5-ff3b-3d67-b830-e0ee838c6103	Polyscias vieillardii subsp. vieillardii	Polyscias vieillardii
autonym	fuzzy_top_copy	exact_top_copy_autonym	00f5ac7c-ccca-3b98-95df-23535804410f	Hypoestes forskaolii subsp. forskaolii	Hypoestes forskaolii
autonym	no_match	exact_top_copy_autonym	25174f11-7004-39ad-a6d3-bba234b2f7a7	Chascanum pinnatifidum var. pinnatifidum	Chascanum pinnatifidum
autonym	fuzzy_top_copy	exact_top_copy_autonym	94dcf925-a9e6-3521-9572-5679674fff00	Solidago virgaurea subsp. virgaurea	Solidago virgaurea
autonym	fuzzy_top_copy	exact_top_copy_autonym	cbabf7ca-e5fd-32bc-82fe-716750caf5c8	Leptodermis pilosa var. pilosa	Leptodermis pilosa
autonym	fuzzy_top_copy	exact_top_copy_autonym	b7b43c9b-e758-31c9-a3bf-66e525a0075e	Otiophora pauciflora subsp. pauciflora	Otiophora pauciflora
